== inFlight clean Pi install ==
date: 2026-05-23T23:34:12+03:00
host: inflight
kernel: 6.12.75+rpt-rpi-v8
install_mode: online
[1/4] bootstrap online
[bootstrap] installing base packages
Hit:1 http://deb.debian.org/debian trixie InRelease
Hit:2 http://archive.raspberrypi.com/debian trixie InRelease
Hit:3 http://deb.debian.org/debian trixie-updates InRelease
Hit:4 http://deb.debian.org/debian-security trixie-security InRelease
Hit:5 http://deb.debian.org/debian bullseye InRelease
Hit:6 https://deb.nodesource.com/node_20.x nodistro InRelease
Reading package lists...
Reading package lists...
Building dependency tree...
Reading state information...
curl is already the newest version (8.14.1-2+deb13u3).
git is already the newest version (1:2.47.3-0+deb13u1).
build-essential is already the newest version (12.12).
ca-certificates is already the newest version (20250419).
0 upgraded, 0 newly installed, 0 to remove and 55 not upgraded.
[bootstrap] node: v20.20.2, npm: 10.8.2
[bootstrap] installing npm dependencies

added 70 packages in 36s

added 170 packages in 5s
npm warn deprecated @types/socket.io-client@3.0.0: This is a stub types definition. socket.io-client provides its own type definitions, so you do not need this installed.
npm warn deprecated inflight@1.0.6: This module is not supported, and leaks memory. Do not use it. Check out lru-cache if you want a good and tested way to coalesce async requests by a key value, which is much more comprehensive and powerful.
npm warn deprecated stable@0.1.8: Modern JS already guarantees Array#sort() is a stable sort, so this library is deprecated. See the compatibility table on MDN: https://developer.mozilla.org/en-US/docs/Web/JavaScript/Reference/Global_Objects/Array/sort#browser_compatibility
npm warn deprecated @babel/plugin-proposal-private-methods@7.18.6: This proposal has been merged to the ECMAScript standard and thus this plugin is no longer maintained. Please use @babel/plugin-transform-private-methods instead.
npm warn deprecated @babel/plugin-proposal-numeric-separator@7.18.6: This proposal has been merged to the ECMAScript standard and thus this plugin is no longer maintained. Please use @babel/plugin-transform-numeric-separator instead.
npm warn deprecated @babel/plugin-proposal-nullish-coalescing-operator@7.18.6: This proposal has been merged to the ECMAScript standard and thus this plugin is no longer maintained. Please use @babel/plugin-transform-nullish-coalescing-operator instead.
npm warn deprecated @babel/plugin-proposal-class-properties@7.18.6: This proposal has been merged to the ECMAScript standard and thus this plugin is no longer maintained. Please use @babel/plugin-transform-class-properties instead.
npm warn deprecated rollup-plugin-terser@7.0.2: This package has been deprecated and is no longer maintained. Please use @rollup/plugin-terser
npm warn deprecated @humanwhocodes/config-array@0.13.0: Use @eslint/config-array instead
npm warn deprecated whatwg-encoding@1.0.5: Use @exodus/bytes instead for a more spec-conformant and faster implementation
npm warn deprecated rimraf@3.0.2: Rimraf versions prior to v4 are no longer supported
npm warn deprecated abab@2.0.6: Use your platform's native atob() and btoa() methods instead
npm warn deprecated @babel/plugin-proposal-optional-chaining@7.21.0: This proposal has been merged to the ECMAScript standard and thus this plugin is no longer maintained. Please use @babel/plugin-transform-optional-chaining instead.
npm warn deprecated @babel/plugin-proposal-private-property-in-object@7.21.11: This proposal has been merged to the ECMAScript standard and thus this plugin is no longer maintained. Please use @babel/plugin-transform-private-property-in-object instead.
npm warn deprecated glob@7.2.3: Old versions of glob are not supported, and contain widely publicized security vulnerabilities, which have been fixed in the current version. Please update. Support for old versions may be purchased (at exorbitant rates) by contacting i@izs.me
npm warn deprecated @humanwhocodes/object-schema@2.0.3: Use @eslint/object-schema instead
npm warn deprecated domexception@2.0.1: Use your platform's native DOMException instead
npm warn deprecated w3c-hr-time@1.0.2: Use your platform's native performance.now() and performance.timeOrigin.
npm warn deprecated q@1.5.1: You or someone you depend on is using Q, the JavaScript Promise library that gave JavaScript developers strong feelings about promises. They can almost certainly migrate to the native JavaScript promise now. Thank you literally everyone for joining me in this bet against the odds. Be excellent to each other.
npm warn deprecated
npm warn deprecated (For a CapTP with native promises, see @endo/eventual-send and @endo/captp)
npm warn deprecated sourcemap-codec@1.4.8: Please use @jridgewell/sourcemap-codec instead
npm warn deprecated workbox-cacheable-response@6.6.0: workbox-background-sync@6.6.0
npm warn deprecated source-map@0.8.0-beta.0: The work that was done in this beta branch won't be included in future versions
npm warn deprecated workbox-google-analytics@6.6.0: It is not compatible with newer versions of GA starting with v4, as long as you are using GAv3 it should be ok, but the package is not longer being maintained
npm warn deprecated uuid@8.3.2: uuid@10 and below is no longer supported.  For ESM codebases, update to uuid@latest.  For CommonJS codebases, use uuid@11 (but be aware this version will likely be deprecated in 2028).
npm warn deprecated svgo@1.3.2: This SVGO version is no longer supported. Upgrade to v2.x.x.
npm warn deprecated @material-ui/styles@4.11.5: Material UI v4 doesn't receive active development since September 2021. See the guide https://mui.com/material-ui/migration/migration-v4/ to upgrade to v5.
npm warn deprecated eslint@8.57.1: This version is no longer supported. Please see https://eslint.org/version-support for other options.
npm warn deprecated @material-ui/core@4.12.4: Material UI v4 doesn't receive active development since September 2021. See the guide https://mui.com/material-ui/migration/migration-v4/ to upgrade to v5.

added 1625 packages in 8m
[bootstrap] ensuring server env
[bootstrap] building frontend

> client@0.1.0 build
> react-scripts build

Creating an optimized production build...
Compiled with warnings.

[eslint] 
src/Api_requests/bluetooth/setNextBtn.ts
  Line 14:17:  Unexpected any. Specify a different type  @typescript-eslint/no-explicit-any

src/Api_requests/longpoll/longpoll.js
  Line 56:17:  'error' is defined but never used   @typescript-eslint/no-unused-vars
  Line 69:46:  'reject' is defined but never used  @typescript-eslint/no-unused-vars

src/Api_requests/tournaments/setServerTrainingMode.js
  Line 2:9:  'response' is assigned a value but never used  @typescript-eslint/no-unused-vars

src/Components/InitialPage/History/HistoryBlock.js
  Line 1:10:  'DataGrid' is defined but never used  @typescript-eslint/no-unused-vars

src/Components/UI/BaseDataGrid/BaseDataGrid.jsx
  Line 4:44:  'theme' is defined but never used  @typescript-eslint/no-unused-vars

src/Components/UI/BaseDrawer/BaseDrawer.jsx
  Line 7:40:   'theme' is defined but never used              @typescript-eslint/no-unused-vars
  Line 15:20:  'backdrop' is assigned a value but never used  @typescript-eslint/no-unused-vars

src/Components/UI/EditableDataGrid/EditableDataGrid.jsx
  Line 241:35:  'error' is defined but never used  @typescript-eslint/no-unused-vars

src/Sections/RefereePage/RoundUtilitiesBlock/CrossesTab/CrossesDataGrid.tsx
  Line 6:34:  Unexpected any. Specify a different type  @typescript-eslint/no-explicit-any

src/Sections/RefereePage/RoundUtilitiesBlock/FaultsTab/FaultsDataGrid/FaultsDataGrid.tsx
  Line 8:34:   Unexpected any. Specify a different type  @typescript-eslint/no-explicit-any
  Line 17:33:  Unexpected any. Specify a different type  @typescript-eslint/no-explicit-any

src/Sections/TournamentsList/TournamentsTable/TournamentsTable.jsx
  Line 33:20:  'params' is defined but never used  @typescript-eslint/no-unused-vars

src/pages/SpectatorScreen.tsx
  Line 9:15:    'Stack' is defined but never used              @typescript-eslint/no-unused-vars
  Line 38:10:   'ipList' is assigned a value but never used    @typescript-eslint/no-unused-vars
  Line 42:9:    'navigate' is assigned a value but never used  @typescript-eslint/no-unused-vars
  Line 280:38:  Unexpected any. Specify a different type       @typescript-eslint/no-explicit-any

Search for the keywords to learn more about each warning.
To ignore, add // eslint-disable-next-line to the line before.

File sizes after gzip:

  278.66 kB (-19 B)  build/static/js/main.4ccf4265.js
  5.59 kB (-10 B)    build/static/css/main.408e82b8.css

The project was built assuming it is hosted at /.
You can control this with the homepage field in your package.json.

The build folder is ready to be deployed.
You may serve it with a static server:

  npm install -g serve
  serve -s build

Find out more about deployment here:

  https://cra.link/deployment

[bootstrap] writing systemd units
[bootstrap] real-hardware artifacts are NOT present.
[bootstrap] REAL mode will not start hardware services until artifacts are added.
[bootstrap] default mode file
[bootstrap] disable legacy production services if present
[bootstrap] enabling mode selector
Created symlink '/etc/systemd/system/multi-user.target.wants/infight-mode.service' → '/etc/systemd/system/infight-mode.service'.
[bootstrap] done
Run status:
  /home/pi/inFight/scripts/mode_status.sh
[2/4] install + switch REAL
== STEP 1: artifact validation ==
== check real-hardware artifacts ==
[MISS] /home/pi/inFight/artifacts/bins/jsm.crossing-detector-front
[MISS] /home/pi/inFight/artifacts/core/main
[WARN] optional /home/pi/inFight/artifacts/bins/jsm.bluetooth not found
Real mode binaries are incomplete.
